<?xml version="1.0" encoding="UTF-8"?>
<!-- Generated by org.testng.reporters.JUnitXMLReporter -->
<testsuite ignored="0" hostname="BSC-PW0LBWYP" failures="0" tests="4" name="all tests" time="73.399" errors="0" timestamp="2026-04-27T15:18:11 IST">
  <testcase classname="tests.EndToEndTest" name="completeOrder" time="26.091"/>
  <testcase classname="tests.EndToEndTest" name="completeOrder" time="1.76"/>
  <testcase classname="tests.EndToEndTest" name="registerAndLoginTest" time="6.961"/>
  <testcase classname="tests.EndToEndTest" name="openMultipleWindows" time="4.911"/>
</testsuite> <!-- all tests -->
