<?xml version="1.0" encoding="UTF-8"?>
<!-- Generated by org.testng.reporters.JUnitXMLReporter -->
<testsuite ignored="0" hostname="BSC-PW0LBWYP" failures="0" tests="4" name="all tests" time="93.977" errors="0" timestamp="2026-04-27T15:28:18 IST">
  <testcase classname="tests.EndToEndTest" name="completeOrder" time="33.984"/>
  <testcase classname="tests.EndToEndTest" name="completeOrder" time="3.0"/>
  <testcase classname="tests.EndToEndTest" name="registerAndLoginTest" time="10.056"/>
  <testcase classname="tests.EndToEndTest" name="openMultipleWindows" time="15.859"/>
</testsuite> <!-- all tests -->
