<?xml version="1.0" encoding="UTF-8"?>
<!-- Generated by org.testng.reporters.JUnitXMLReporter -->
<testsuite ignored="3" hostname="BSC-PW0LBWYP" failures="1" tests="1" name="Negative Tests" time="20.572" errors="0" timestamp="2026-04-27T16:41:37 IST">
  <testcase classname="tests.EndToEndTest" name="loginFailureDemoTest" time="13.199">
    <failure type="org.openqa.selenium.TimeoutException" message="Expected condition failed: waiting for visibility of Proxy element for: DefaultElementLocator &amp;apos;By.linkText: Log out&amp;apos; (tried for 10 second(s) with 500 milliseconds interval)">
      <![CDATA[org.openqa.selenium.TimeoutException: Expected condition failed: waiting for visibility of Proxy element for: DefaultElementLocator 'By.linkText: Log out' (tried for 10 second(s) with 500 milliseconds interval)
at org.openqa.selenium.support.ui.WebDriverWait.timeoutException(WebDriverWait.java:84)
at org.openqa.selenium.support.ui.FluentWait.until(FluentWait.java:228)
at utility.WaitUtil.waitForElement(WaitUtil.java:19)
at pages.HomePage.isUserLoggedIn(HomePage.java:76)
at tests.EndToEndTest.loginFailureDemoTest(EndToEndTest.java:113)
at java.base/java.util.ArrayList.forEach(ArrayList.java:1596)
Caused by: org.openqa.selenium.NoSuchElementException: no such element: Unable to locate element: {"method":"link text","selector":"Log out"}
  (Session info: chrome=147.0.7727.103)
For documentation on this error, please visit: https://www.selenium.dev/documentation/webdriver/troubleshooting/errors#nosuchelementexception
Build info: version: '4.39.0', revision: '126f156aee'
System info: os.name: 'Windows 11', os.arch: 'amd64', os.version: '10.0', java.version: '21.0.9'
Driver info: org.openqa.selenium.chrome.ChromeDriver
Command: [b26304261b9fb62666648082193b7e0e, findElement {value=Log out, using=link text}]
Capabilities {acceptInsecureCerts: false, browserName: chrome, browserVersion: 147.0.7727.103, chrome: {chromedriverVersion: 147.0.7727.117 (474cc805edd..., userDataDir: C:\Users\premjain\AppData\L...}, fedcm:accounts: true, goog:chromeOptions: {debuggerAddress: localhost:54777}, goog:processID: 18704, networkConnectionEnabled: false, pageLoadStrategy: normal, platformName: windows, proxy: Proxy(), se:cdp: ws://localhost:54777/devtoo..., se:cdpVersion: 147.0.7727.103, setWindowRect: true, strictFileInteractability: false, timeouts: {implicit: 0, pageLoad: 300000, script: 30000}, unhandledPromptBehavior: dismiss and notify, webauthn:extension:credBlob: true, webauthn:extension:largeBlob: true, webauthn:extension:minPinLength: true, webauthn:extension:prf: true, webauthn:virtualAuthenticators: true}
Session ID: b26304261b9fb62666648082193b7e0e
at org.openqa.selenium.remote.ErrorCodec.decode(ErrorCodec.java:167)
at org.openqa.selenium.remote.codec.w3c.W3CHttpResponseCodec.decode(W3CHttpResponseCodec.java:142)
at org.openqa.selenium.remote.codec.w3c.W3CHttpResponseCodec.decode(W3CHttpResponseCodec.java:49)
at org.openqa.selenium.remote.HttpCommandExecutor.execute(HttpCommandExecutor.java:215)
at org.openqa.selenium.remote.service.DriverCommandExecutor.invokeExecute(DriverCommandExecutor.java:216)
at org.openqa.selenium.remote.service.DriverCommandExecutor.execute(DriverCommandExecutor.java:174)
at org.openqa.selenium.remote.RemoteWebDriver.execute(RemoteWebDriver.java:561)
at org.openqa.selenium.remote.ElementLocation$ElementFinder$2.findElement(ElementLocation.java:166)
at org.openqa.selenium.remote.ElementLocation.findElement(ElementLocation.java:60)
at org.openqa.selenium.remote.RemoteWebDriver.findElement(RemoteWebDriver.java:384)
at org.openqa.selenium.remote.RemoteWebDriver.findElement(RemoteWebDriver.java:378)
at org.openqa.selenium.support.pagefactory.DefaultElementLocator.findElement(DefaultElementLocator.java:68)
at org.openqa.selenium.support.pagefactory.internal.LocatingElementHandler.invoke(LocatingElementHandler.java:38)
at jdk.proxy2/jdk.proxy2.$Proxy30.isDisplayed(Unknown Source)
at org.openqa.selenium.support.ui.ExpectedConditions.elementIfVisible(ExpectedConditions.java:308)
at org.openqa.selenium.support.ui.ExpectedConditions$10.apply(ExpectedConditions.java:294)
at org.openqa.selenium.support.ui.ExpectedConditions$10.apply(ExpectedConditions.java:291)
at org.openqa.selenium.support.ui.FluentWait.until(FluentWait.java:203)
... 29 more
... Removed 28 stack frames]]>
    </failure>
  </testcase> <!-- loginFailureDemoTest -->
  <testcase classname="tests.EndToEndTest" name="openMultipleWindows" time="0.0">
    <ignored/>
  </testcase> <!-- openMultipleWindows -->
  <testcase classname="tests.EndToEndTest" name="registerAndLoginTest" time="0.0">
    <ignored/>
  </testcase> <!-- registerAndLoginTest -->
  <testcase classname="tests.EndToEndTest" name="completeOrder" time="0.0">
    <ignored/>
  </testcase> <!-- completeOrder -->
</testsuite> <!-- Negative Tests -->
