<?xml version="1.0" encoding="UTF-8"?>
<!-- Generated by org.testng.reporters.JUnitXMLReporter -->
<testsuite ignored="3" hostname="BSC-PW0LBWYP" failures="0" tests="2" name="Regression Tests" time="63.024" errors="0" timestamp="2026-04-27T16:41:17 IST">
  <testcase classname="tests.EndToEndTest" name="completeOrder" time="39.86"/>
  <testcase classname="tests.EndToEndTest" name="completeOrder" time="2.581"/>
  <testcase classname="tests.EndToEndTest" name="loginFailureDemoTest" time="0.0">
    <ignored/>
  </testcase> <!-- loginFailureDemoTest -->
  <testcase classname="tests.EndToEndTest" name="openMultipleWindows" time="0.0">
    <ignored/>
  </testcase> <!-- openMultipleWindows -->
  <testcase classname="tests.EndToEndTest" name="registerAndLoginTest" time="0.0">
    <ignored/>
  </testcase> <!-- registerAndLoginTest -->
</testsuite> <!-- Regression Tests -->
