<?xml version="1.0" encoding="UTF-8"?>
<!-- Generated by org.testng.reporters.JUnitXMLReporter -->
<testsuite ignored="3" hostname="BSC-PW0LBWYP" failures="0" tests="1" name="Smoke Tests" time="24.404" errors="0" timestamp="2026-04-27T16:39:53 IST">
  <testcase classname="tests.EndToEndTest" name="openMultipleWindows" time="8.664"/>
  <testcase classname="tests.EndToEndTest" name="completeOrder" time="0.0">
    <ignored/>
  </testcase> <!-- completeOrder -->
  <testcase classname="tests.EndToEndTest" name="registerAndLoginTest" time="0.0">
    <ignored/>
  </testcase> <!-- registerAndLoginTest -->
  <testcase classname="tests.EndToEndTest" name="loginFailureDemoTest" time="0.0">
    <ignored/>
  </testcase> <!-- loginFailureDemoTest -->
</testsuite> <!-- Smoke Tests -->
