<?xml version="1.0" encoding="UTF-8"?>
<!-- Generated by org.testng.reporters.JUnitXMLReporter -->
<testsuite ignored="0" hostname="BSC-PW0LBWYP" failures="5" tests="9" name="Surefire test" time="529.272" errors="0" timestamp="2026-04-22T20:33:57 IST">
  <testcase classname="tests.AgreeCheckboxValidationTest" name="checkBoxValidation" time="19.34"/>
  <testcase classname="tests.EndToEndTest" name="completeOrder" time="21.206">
    <failure type="java.lang.AssertionError" message="expected [2] but found [4]">
      <![CDATA[java.lang.AssertionError: expected [2] but found [4]
at tests.EndToEndTest.completeOrder(EndToEndTest.java:43)
at java.base/java.util.ArrayList.forEach(ArrayList.java:1604)
... Removed 37 stack frames]]>
    </failure>
  </testcase> <!-- completeOrder -->
  <testcase classname="tests.EndToEndTest" name="completeOrder" time="28.399">
    <failure type="org.openqa.selenium.TimeoutException" message="Expected condition failed: waiting for element to be clickable: Proxy element for: DefaultElementLocator &amp;apos;By.cssSelector: input[onclick=&amp;apos;Billing.save()&amp;apos;]&amp;apos; (tried for 5 second(s) with 500 milliseconds interval)">
      <![CDATA[org.openqa.selenium.TimeoutException: Expected condition failed: waiting for element to be clickable: Proxy element for: DefaultElementLocator 'By.cssSelector: input[onclick='Billing.save()']' (tried for 5 second(s) with 500 milliseconds interval)
at org.openqa.selenium.support.ui.WebDriverWait.timeoutException(WebDriverWait.java:84)
at org.openqa.selenium.support.ui.FluentWait.until(FluentWait.java:228)
at utility.WaitUtil.waitForElementToBeClickable(WaitUtil.java:24)
at pages.CheckoutPage.ShippingAndPaymentSteps(CheckoutPage.java:59)
at tests.EndToEndTest.completeOrder(EndToEndTest.java:45)
at java.base/java.util.ArrayList.forEach(ArrayList.java:1604)
Caused by: org.openqa.selenium.NoSuchElementException: no such element: Unable to locate element: {"method":"css selector","selector":"input[onclick='Billing.save()']"}
  (Session info: chrome=147.0.7727.102)
For documentation on this error, please visit: https://www.selenium.dev/documentation/webdriver/troubleshooting/errors#nosuchelementexception
Build info: version: '4.39.0', revision: '126f156aee'
System info: os.name: 'Windows 11', os.arch: 'amd64', os.version: '10.0', java.version: '25.0.1'
Driver info: org.openqa.selenium.chrome.ChromeDriver
Command: [5739702e5a1894d04d3f487aaed613e2, findElement {value=input[onclick='Billing.save()'], using=css selector}]
Capabilities {acceptInsecureCerts: false, browserName: chrome, browserVersion: 147.0.7727.102, chrome: {chromedriverVersion: 147.0.7727.57 (b4f28b5637d0..., userDataDir: C:\Users\premjain\AppData\L...}, fedcm:accounts: true, goog:chromeOptions: {debuggerAddress: localhost:60353}, goog:processID: 54744, networkConnectionEnabled: false, pageLoadStrategy: normal, platformName: windows, proxy: Proxy(), se:cdp: ws://localhost:60353/devtoo..., se:cdpVersion: 147.0.7727.102, setWindowRect: true, strictFileInteractability: false, timeouts: {implicit: 0, pageLoad: 300000, script: 30000}, unhandledPromptBehavior: dismiss and notify, webauthn:extension:credBlob: true, webauthn:extension:largeBlob: true, webauthn:extension:minPinLength: true, webauthn:extension:prf: true, webauthn:virtualAuthenticators: true}
Session ID: 5739702e5a1894d04d3f487aaed613e2
at org.openqa.selenium.remote.ErrorCodec.decode(ErrorCodec.java:167)
at org.openqa.selenium.remote.codec.w3c.W3CHttpResponseCodec.decode(W3CHttpResponseCodec.java:142)
at org.openqa.selenium.remote.codec.w3c.W3CHttpResponseCodec.decode(W3CHttpResponseCodec.java:49)
at org.openqa.selenium.remote.HttpCommandExecutor.execute(HttpCommandExecutor.java:215)
at org.openqa.selenium.remote.service.DriverCommandExecutor.invokeExecute(DriverCommandExecutor.java:216)
at org.openqa.selenium.remote.service.DriverCommandExecutor.execute(DriverCommandExecutor.java:174)
at org.openqa.selenium.remote.RemoteWebDriver.execute(RemoteWebDriver.java:561)
at org.openqa.selenium.remote.ElementLocation$ElementFinder$2.findElement(ElementLocation.java:166)
at org.openqa.selenium.remote.ElementLocation.findElement(ElementLocation.java:60)
at org.openqa.selenium.remote.RemoteWebDriver.findElement(RemoteWebDriver.java:384)
at org.openqa.selenium.remote.RemoteWebDriver.findElement(RemoteWebDriver.java:378)
at org.openqa.selenium.support.pagefactory.DefaultElementLocator.findElement(DefaultElementLocator.java:68)
at org.openqa.selenium.support.pagefactory.internal.LocatingElementHandler.invoke(LocatingElementHandler.java:38)
at jdk.proxy2/jdk.proxy2.$Proxy31.isDisplayed(Unknown Source)
at org.openqa.selenium.support.ui.ExpectedConditions.elementIfVisible(ExpectedConditions.java:308)
at org.openqa.selenium.support.ui.ExpectedConditions$10.apply(ExpectedConditions.java:294)
at org.openqa.selenium.support.ui.ExpectedConditions$10.apply(ExpectedConditions.java:291)
at org.openqa.selenium.support.ui.ExpectedConditions$23.apply(ExpectedConditions.java:662)
at org.openqa.selenium.support.ui.ExpectedConditions$23.apply(ExpectedConditions.java:658)
at org.openqa.selenium.support.ui.FluentWait.until(FluentWait.java:203)
... 34 more
... Removed 33 stack frames]]>
    </failure>
  </testcase> <!-- completeOrder -->
  <testcase classname="tests.EndToEndTest" name="completeOrder" time="30.946">
    <failure type="org.openqa.selenium.TimeoutException" message="Expected condition failed: waiting for element to be clickable: Proxy element for: DefaultElementLocator &amp;apos;By.cssSelector: input[onclick=&amp;apos;Billing.save()&amp;apos;]&amp;apos; (tried for 5 second(s) with 500 milliseconds interval)">
      <![CDATA[org.openqa.selenium.TimeoutException: Expected condition failed: waiting for element to be clickable: Proxy element for: DefaultElementLocator 'By.cssSelector: input[onclick='Billing.save()']' (tried for 5 second(s) with 500 milliseconds interval)
at org.openqa.selenium.support.ui.WebDriverWait.timeoutException(WebDriverWait.java:84)
at org.openqa.selenium.support.ui.FluentWait.until(FluentWait.java:228)
at utility.WaitUtil.waitForElementToBeClickable(WaitUtil.java:24)
at pages.CheckoutPage.ShippingAndPaymentSteps(CheckoutPage.java:59)
at tests.EndToEndTest.completeOrder(EndToEndTest.java:45)
at java.base/java.util.ArrayList.forEach(ArrayList.java:1604)
Caused by: org.openqa.selenium.NoSuchElementException: no such element: Unable to locate element: {"method":"css selector","selector":"input[onclick='Billing.save()']"}
  (Session info: chrome=147.0.7727.102)
For documentation on this error, please visit: https://www.selenium.dev/documentation/webdriver/troubleshooting/errors#nosuchelementexception
Build info: version: '4.39.0', revision: '126f156aee'
System info: os.name: 'Windows 11', os.arch: 'amd64', os.version: '10.0', java.version: '25.0.1'
Driver info: org.openqa.selenium.chrome.ChromeDriver
Command: [dde98a4728d51888e47031cfc502a235, findElement {value=input[onclick='Billing.save()'], using=css selector}]
Capabilities {acceptInsecureCerts: false, browserName: chrome, browserVersion: 147.0.7727.102, chrome: {chromedriverVersion: 147.0.7727.57 (b4f28b5637d0..., userDataDir: C:\Users\premjain\AppData\L...}, fedcm:accounts: true, goog:chromeOptions: {debuggerAddress: localhost:58364}, goog:processID: 110716, networkConnectionEnabled: false, pageLoadStrategy: normal, platformName: windows, proxy: Proxy(), se:cdp: ws://localhost:58364/devtoo..., se:cdpVersion: 147.0.7727.102, setWindowRect: true, strictFileInteractability: false, timeouts: {implicit: 0, pageLoad: 300000, script: 30000}, unhandledPromptBehavior: dismiss and notify, webauthn:extension:credBlob: true, webauthn:extension:largeBlob: true, webauthn:extension:minPinLength: true, webauthn:extension:prf: true, webauthn:virtualAuthenticators: true}
Session ID: dde98a4728d51888e47031cfc502a235
at org.openqa.selenium.remote.ErrorCodec.decode(ErrorCodec.java:167)
at org.openqa.selenium.remote.codec.w3c.W3CHttpResponseCodec.decode(W3CHttpResponseCodec.java:142)
at org.openqa.selenium.remote.codec.w3c.W3CHttpResponseCodec.decode(W3CHttpResponseCodec.java:49)
at org.openqa.selenium.remote.HttpCommandExecutor.execute(HttpCommandExecutor.java:215)
at org.openqa.selenium.remote.service.DriverCommandExecutor.invokeExecute(DriverCommandExecutor.java:216)
at org.openqa.selenium.remote.service.DriverCommandExecutor.execute(DriverCommandExecutor.java:174)
at org.openqa.selenium.remote.RemoteWebDriver.execute(RemoteWebDriver.java:561)
at org.openqa.selenium.remote.ElementLocation$ElementFinder$2.findElement(ElementLocation.java:166)
at org.openqa.selenium.remote.ElementLocation.findElement(ElementLocation.java:60)
at org.openqa.selenium.remote.RemoteWebDriver.findElement(RemoteWebDriver.java:384)
at org.openqa.selenium.remote.RemoteWebDriver.findElement(RemoteWebDriver.java:378)
at org.openqa.selenium.support.pagefactory.DefaultElementLocator.findElement(DefaultElementLocator.java:68)
at org.openqa.selenium.support.pagefactory.internal.LocatingElementHandler.invoke(LocatingElementHandler.java:38)
at jdk.proxy2/jdk.proxy2.$Proxy31.isDisplayed(Unknown Source)
at org.openqa.selenium.support.ui.ExpectedConditions.elementIfVisible(ExpectedConditions.java:308)
at org.openqa.selenium.support.ui.ExpectedConditions$10.apply(ExpectedConditions.java:294)
at org.openqa.selenium.support.ui.ExpectedConditions$10.apply(ExpectedConditions.java:291)
at org.openqa.selenium.support.ui.ExpectedConditions$23.apply(ExpectedConditions.java:662)
at org.openqa.selenium.support.ui.ExpectedConditions$23.apply(ExpectedConditions.java:658)
at org.openqa.selenium.support.ui.FluentWait.until(FluentWait.java:203)
... 34 more
... Removed 33 stack frames]]>
    </failure>
  </testcase> <!-- completeOrder -->
  <testcase classname="tests.MultipleWindowTest" name="windowHandle" time="8.548"/>
  <testcase classname="tests.RegisterAndRememberMeTest" name="registerUser" time="9.489">
    <failure type="org.openqa.selenium.TimeoutException" message="Expected condition failed: waiting for visibility of Proxy element for: DefaultElementLocator &amp;apos;By.linkText: Log out&amp;apos; (tried for 5 second(s) with 500 milliseconds interval)">
      <![CDATA[org.openqa.selenium.TimeoutException: Expected condition failed: waiting for visibility of Proxy element for: DefaultElementLocator 'By.linkText: Log out' (tried for 5 second(s) with 500 milliseconds interval)
at org.openqa.selenium.support.ui.WebDriverWait.timeoutException(WebDriverWait.java:84)
at org.openqa.selenium.support.ui.FluentWait.until(FluentWait.java:228)
at utility.WaitUtil.waitForElement(WaitUtil.java:19)
at pages.HomePage.isUserLoggedIn(HomePage.java:68)
at tests.RegisterAndRememberMeTest.registerUser(RegisterAndRememberMeTest.java:31)
at java.base/java.util.ArrayList.forEach(ArrayList.java:1604)
Caused by: org.openqa.selenium.NoSuchElementException: no such element: Unable to locate element: {"method":"link text","selector":"Log out"}
  (Session info: chrome=147.0.7727.102)
For documentation on this error, please visit: https://www.selenium.dev/documentation/webdriver/troubleshooting/errors#nosuchelementexception
Build info: version: '4.39.0', revision: '126f156aee'
System info: os.name: 'Windows 11', os.arch: 'amd64', os.version: '10.0', java.version: '25.0.1'
Driver info: org.openqa.selenium.chrome.ChromeDriver
Command: [5bcf66c1648d73541639a1d42805b759, findElement {value=Log out, using=link text}]
Capabilities {acceptInsecureCerts: false, browserName: chrome, browserVersion: 147.0.7727.102, chrome: {chromedriverVersion: 147.0.7727.57 (b4f28b5637d0..., userDataDir: C:\Users\premjain\AppData\L...}, fedcm:accounts: true, goog:chromeOptions: {debuggerAddress: localhost:57534}, goog:processID: 63260, networkConnectionEnabled: false, pageLoadStrategy: normal, platformName: windows, proxy: Proxy(), se:cdp: ws://localhost:57534/devtoo..., se:cdpVersion: 147.0.7727.102, setWindowRect: true, strictFileInteractability: false, timeouts: {implicit: 0, pageLoad: 300000, script: 30000}, unhandledPromptBehavior: dismiss and notify, webauthn:extension:credBlob: true, webauthn:extension:largeBlob: true, webauthn:extension:minPinLength: true, webauthn:extension:prf: true, webauthn:virtualAuthenticators: true}
Session ID: 5bcf66c1648d73541639a1d42805b759
at org.openqa.selenium.remote.ErrorCodec.decode(ErrorCodec.java:167)
at org.openqa.selenium.remote.codec.w3c.W3CHttpResponseCodec.decode(W3CHttpResponseCodec.java:142)
at org.openqa.selenium.remote.codec.w3c.W3CHttpResponseCodec.decode(W3CHttpResponseCodec.java:49)
at org.openqa.selenium.remote.HttpCommandExecutor.execute(HttpCommandExecutor.java:215)
at org.openqa.selenium.remote.service.DriverCommandExecutor.invokeExecute(DriverCommandExecutor.java:216)
at org.openqa.selenium.remote.service.DriverCommandExecutor.execute(DriverCommandExecutor.java:174)
at org.openqa.selenium.remote.RemoteWebDriver.execute(RemoteWebDriver.java:561)
at org.openqa.selenium.remote.ElementLocation$ElementFinder$2.findElement(ElementLocation.java:166)
at org.openqa.selenium.remote.ElementLocation.findElement(ElementLocation.java:60)
at org.openqa.selenium.remote.RemoteWebDriver.findElement(RemoteWebDriver.java:384)
at org.openqa.selenium.remote.RemoteWebDriver.findElement(RemoteWebDriver.java:378)
at org.openqa.selenium.support.pagefactory.DefaultElementLocator.findElement(DefaultElementLocator.java:68)
at org.openqa.selenium.support.pagefactory.internal.LocatingElementHandler.invoke(LocatingElementHandler.java:38)
at jdk.proxy2/jdk.proxy2.$Proxy31.isDisplayed(Unknown Source)
at org.openqa.selenium.support.ui.ExpectedConditions.elementIfVisible(ExpectedConditions.java:308)
at org.openqa.selenium.support.ui.ExpectedConditions$10.apply(ExpectedConditions.java:294)
at org.openqa.selenium.support.ui.ExpectedConditions$10.apply(ExpectedConditions.java:291)
at org.openqa.selenium.support.ui.FluentWait.until(FluentWait.java:203)
... 34 more
... Removed 33 stack frames]]>
    </failure>
  </testcase> <!-- registerUser -->
  <testcase classname="tests.RegisterAndRememberMeTest" name="registerUser" time="28.613">
    <failure type="org.openqa.selenium.TimeoutException" message="Expected condition failed: waiting for visibility of Proxy element for: DefaultElementLocator &amp;apos;By.linkText: Log out&amp;apos; (tried for 5 second(s) with 500 milliseconds interval)">
      <![CDATA[org.openqa.selenium.TimeoutException: Expected condition failed: waiting for visibility of Proxy element for: DefaultElementLocator 'By.linkText: Log out' (tried for 5 second(s) with 500 milliseconds interval)
at org.openqa.selenium.support.ui.WebDriverWait.timeoutException(WebDriverWait.java:84)
at org.openqa.selenium.support.ui.FluentWait.until(FluentWait.java:228)
at utility.WaitUtil.waitForElement(WaitUtil.java:19)
at pages.HomePage.isUserLoggedIn(HomePage.java:68)
at tests.RegisterAndRememberMeTest.registerUser(RegisterAndRememberMeTest.java:31)
at java.base/java.util.ArrayList.forEach(ArrayList.java:1604)
Caused by: org.openqa.selenium.NoSuchElementException: no such element: Unable to locate element: {"method":"link text","selector":"Log out"}
  (Session info: chrome=147.0.7727.102)
For documentation on this error, please visit: https://www.selenium.dev/documentation/webdriver/troubleshooting/errors#nosuchelementexception
Build info: version: '4.39.0', revision: '126f156aee'
System info: os.name: 'Windows 11', os.arch: 'amd64', os.version: '10.0', java.version: '25.0.1'
Driver info: org.openqa.selenium.chrome.ChromeDriver
Command: [3b9d39ac6d48d5d9c87170bedd50dcc1, findElement {value=Log out, using=link text}]
Capabilities {acceptInsecureCerts: false, browserName: chrome, browserVersion: 147.0.7727.102, chrome: {chromedriverVersion: 147.0.7727.57 (b4f28b5637d0..., userDataDir: C:\Users\premjain\AppData\L...}, fedcm:accounts: true, goog:chromeOptions: {debuggerAddress: localhost:51580}, goog:processID: 116532, networkConnectionEnabled: false, pageLoadStrategy: normal, platformName: windows, proxy: Proxy(), se:cdp: ws://localhost:51580/devtoo..., se:cdpVersion: 147.0.7727.102, setWindowRect: true, strictFileInteractability: false, timeouts: {implicit: 0, pageLoad: 300000, script: 30000}, unhandledPromptBehavior: dismiss and notify, webauthn:extension:credBlob: true, webauthn:extension:largeBlob: true, webauthn:extension:minPinLength: true, webauthn:extension:prf: true, webauthn:virtualAuthenticators: true}
Session ID: 3b9d39ac6d48d5d9c87170bedd50dcc1
at org.openqa.selenium.remote.ErrorCodec.decode(ErrorCodec.java:167)
at org.openqa.selenium.remote.codec.w3c.W3CHttpResponseCodec.decode(W3CHttpResponseCodec.java:142)
at org.openqa.selenium.remote.codec.w3c.W3CHttpResponseCodec.decode(W3CHttpResponseCodec.java:49)
at org.openqa.selenium.remote.HttpCommandExecutor.execute(HttpCommandExecutor.java:215)
at org.openqa.selenium.remote.service.DriverCommandExecutor.invokeExecute(DriverCommandExecutor.java:216)
at org.openqa.selenium.remote.service.DriverCommandExecutor.execute(DriverCommandExecutor.java:174)
at org.openqa.selenium.remote.RemoteWebDriver.execute(RemoteWebDriver.java:561)
at org.openqa.selenium.remote.ElementLocation$ElementFinder$2.findElement(ElementLocation.java:166)
at org.openqa.selenium.remote.ElementLocation.findElement(ElementLocation.java:60)
at org.openqa.selenium.remote.RemoteWebDriver.findElement(RemoteWebDriver.java:384)
at org.openqa.selenium.remote.RemoteWebDriver.findElement(RemoteWebDriver.java:378)
at org.openqa.selenium.support.pagefactory.DefaultElementLocator.findElement(DefaultElementLocator.java:68)
at org.openqa.selenium.support.pagefactory.internal.LocatingElementHandler.invoke(LocatingElementHandler.java:38)
at jdk.proxy2/jdk.proxy2.$Proxy31.isDisplayed(Unknown Source)
at org.openqa.selenium.support.ui.ExpectedConditions.elementIfVisible(ExpectedConditions.java:308)
at org.openqa.selenium.support.ui.ExpectedConditions$10.apply(ExpectedConditions.java:294)
at org.openqa.selenium.support.ui.ExpectedConditions$10.apply(ExpectedConditions.java:291)
at org.openqa.selenium.support.ui.FluentWait.until(FluentWait.java:203)
... 34 more
... Removed 33 stack frames]]>
    </failure>
  </testcase> <!-- registerUser -->
  <testcase classname="tests.RegisterAndRememberMeTest" name="rememeberMe" time="0.0">
    <skipped/>
  </testcase> <!-- rememeberMe -->
  <testcase classname="tests.WindowAlertTest" name="windowActions" time="112.383"/>
</testsuite> <!-- Surefire test -->
