<?xml version="1.0" encoding="UTF-8"?>
<!-- Generated by org.testng.reporters.JUnitXMLReporter -->
<testsuite ignored="0" hostname="BSC-PW0LBWYP" failures="0" tests="4" name="Default test" time="77.046" errors="0" timestamp="2026-04-27T15:08:42 IST">
  <testcase classname="tests.EndToEndTest" name="completeOrder" time="36.948"/>
  <testcase classname="tests.EndToEndTest" name="completeOrder" time="1.396"/>
  <testcase classname="tests.EndToEndTest" name="registerAndLoginTest" time="6.033"/>
  <testcase classname="tests.EndToEndTest" name="openMultipleWindows" time="5.059"/>
</testsuite> <!-- Default test -->
