<?xml version="1.0" encoding="UTF-8"?>
<!-- Generated by org.testng.reporters.JUnitXMLReporter -->
<testsuite ignored="0" hostname="BSC-PW0LBWYP" failures="2" tests="3" name="Edge Test" time="159.819" errors="0" timestamp="2026-04-24T12:22:43 IST">
  <testcase classname="tests.EndToEndTest" name="completeOrder" time="38.112"/>
  <testcase classname="tests.EndToEndTest" name="completeOrder" time="31.067">
    <failure type="org.openqa.selenium.TimeoutException" message="Expected condition failed: waiting for element to be clickable: Proxy element for: DefaultElementLocator &amp;apos;By.cssSelector: input[onclick=&amp;apos;Billing.save()&amp;apos;]&amp;apos; (tried for 10 second(s) with 500 milliseconds interval)">
      <![CDATA[org.openqa.selenium.TimeoutException: Expected condition failed: waiting for element to be clickable: Proxy element for: DefaultElementLocator 'By.cssSelector: input[onclick='Billing.save()']' (tried for 10 second(s) with 500 milliseconds interval)
at org.openqa.selenium.support.ui.WebDriverWait.timeoutException(WebDriverWait.java:84)
at org.openqa.selenium.support.ui.FluentWait.until(FluentWait.java:228)
at utility.WaitUtil.waitForElementToBeClickable(WaitUtil.java:24)
at pages.CheckoutPage.ShippingAndPaymentSteps(CheckoutPage.java:59)
at tests.EndToEndTest.completeOrder(EndToEndTest.java:45)
at java.base/java.util.ArrayList.forEach(ArrayList.java:1596)
at java.base/java.util.concurrent.FutureTask.run(FutureTask.java:317)
at java.base/java.util.concurrent.ThreadPoolExecutor.runWorker(ThreadPoolExecutor.java:1144)
at java.base/java.util.concurrent.ThreadPoolExecutor$Worker.run(ThreadPoolExecutor.java:642)
at java.base/java.lang.Thread.run(Thread.java:1583)
Caused by: org.openqa.selenium.NoSuchElementException: no such element: Unable to locate element: {"method":"css selector","selector":"input[onclick='Billing.save()']"}
  (Session info: MicrosoftEdge=147.0.3912.72)
For documentation on this error, please visit: https://www.selenium.dev/documentation/webdriver/troubleshooting/errors#nosuchelementexception
Build info: version: '4.39.0', revision: '126f156aee'
System info: os.name: 'Windows 11', os.arch: 'amd64', os.version: '10.0', java.version: '21.0.9'
Driver info: org.openqa.selenium.edge.EdgeDriver
Command: [6392a0b47a3b9a6ade4bc97eb5ba28b6, findElement {value=input[onclick='Billing.save()'], using=css selector}]
Capabilities {acceptInsecureCerts: false, browserName: MicrosoftEdge, browserVersion: 147.0.3912.72, fedcm:accounts: true, goog:processID: 101572, ms:edgeOptions: {debuggerAddress: localhost:59879}, msedge: {msedgedriverVersion: 147.0.3912.72 (d4380ba2b9dc..., userDataDir: C:\Users\premjain\AppData\L...}, networkConnectionEnabled: false, pageLoadStrategy: normal, platformName: windows, proxy: Proxy(), se:cdp: ws://localhost:59879/devtoo..., se:cdpVersion: 147.0.3912.72, setWindowRect: true, strictFileInteractability: false, timeouts: {implicit: 0, pageLoad: 300000, script: 30000}, unhandledPromptBehavior: dismiss and notify, webauthn:extension:credBlob: true, webauthn:extension:largeBlob: true, webauthn:extension:minPinLength: true, webauthn:extension:prf: true, webauthn:virtualAuthenticators: true}
Session ID: 6392a0b47a3b9a6ade4bc97eb5ba28b6
at org.openqa.selenium.remote.ErrorCodec.decode(ErrorCodec.java:167)
at org.openqa.selenium.remote.codec.w3c.W3CHttpResponseCodec.decode(W3CHttpResponseCodec.java:142)
at org.openqa.selenium.remote.codec.w3c.W3CHttpResponseCodec.decode(W3CHttpResponseCodec.java:49)
at org.openqa.selenium.remote.HttpCommandExecutor.execute(HttpCommandExecutor.java:215)
at org.openqa.selenium.remote.service.DriverCommandExecutor.invokeExecute(DriverCommandExecutor.java:216)
at org.openqa.selenium.remote.service.DriverCommandExecutor.execute(DriverCommandExecutor.java:174)
at org.openqa.selenium.remote.RemoteWebDriver.execute(RemoteWebDriver.java:561)
at org.openqa.selenium.remote.ElementLocation$ElementFinder$2.findElement(ElementLocation.java:166)
at org.openqa.selenium.remote.ElementLocation.findElement(ElementLocation.java:60)
at org.openqa.selenium.remote.RemoteWebDriver.findElement(RemoteWebDriver.java:384)
at org.openqa.selenium.remote.RemoteWebDriver.findElement(RemoteWebDriver.java:378)
at org.openqa.selenium.support.pagefactory.DefaultElementLocator.findElement(DefaultElementLocator.java:68)
at org.openqa.selenium.support.pagefactory.internal.LocatingElementHandler.invoke(LocatingElementHandler.java:38)
at jdk.proxy2/jdk.proxy2.$Proxy31.isDisplayed(Unknown Source)
at org.openqa.selenium.support.ui.ExpectedConditions.elementIfVisible(ExpectedConditions.java:308)
at org.openqa.selenium.support.ui.ExpectedConditions$10.apply(ExpectedConditions.java:294)
at org.openqa.selenium.support.ui.ExpectedConditions$10.apply(ExpectedConditions.java:291)
at org.openqa.selenium.support.ui.ExpectedConditions$23.apply(ExpectedConditions.java:662)
at org.openqa.selenium.support.ui.ExpectedConditions$23.apply(ExpectedConditions.java:658)
at org.openqa.selenium.support.ui.FluentWait.until(FluentWait.java:203)
... 23 more
... Removed 18 stack frames]]>
    </failure>
  </testcase> <!-- completeOrder -->
  <testcase classname="tests.EndToEndTest" name="completeOrder" time="30.02">
    <failure type="org.openqa.selenium.TimeoutException" message="Expected condition failed: waiting for element to be clickable: Proxy element for: DefaultElementLocator &amp;apos;By.cssSelector: input[onclick=&amp;apos;Billing.save()&amp;apos;]&amp;apos; (tried for 10 second(s) with 500 milliseconds interval)">
      <![CDATA[org.openqa.selenium.TimeoutException: Expected condition failed: waiting for element to be clickable: Proxy element for: DefaultElementLocator 'By.cssSelector: input[onclick='Billing.save()']' (tried for 10 second(s) with 500 milliseconds interval)
at org.openqa.selenium.support.ui.WebDriverWait.timeoutException(WebDriverWait.java:84)
at org.openqa.selenium.support.ui.FluentWait.until(FluentWait.java:228)
at utility.WaitUtil.waitForElementToBeClickable(WaitUtil.java:24)
at pages.CheckoutPage.ShippingAndPaymentSteps(CheckoutPage.java:59)
at tests.EndToEndTest.completeOrder(EndToEndTest.java:45)
at java.base/java.util.ArrayList.forEach(ArrayList.java:1596)
at java.base/java.util.concurrent.FutureTask.run(FutureTask.java:317)
at java.base/java.util.concurrent.ThreadPoolExecutor.runWorker(ThreadPoolExecutor.java:1144)
at java.base/java.util.concurrent.ThreadPoolExecutor$Worker.run(ThreadPoolExecutor.java:642)
at java.base/java.lang.Thread.run(Thread.java:1583)
Caused by: org.openqa.selenium.NoSuchElementException: no such element: Unable to locate element: {"method":"css selector","selector":"input[onclick='Billing.save()']"}
  (Session info: MicrosoftEdge=147.0.3912.72)
For documentation on this error, please visit: https://www.selenium.dev/documentation/webdriver/troubleshooting/errors#nosuchelementexception
Build info: version: '4.39.0', revision: '126f156aee'
System info: os.name: 'Windows 11', os.arch: 'amd64', os.version: '10.0', java.version: '21.0.9'
Driver info: org.openqa.selenium.edge.EdgeDriver
Command: [b07160bb01b5b4839c3a5f249655efb2, findElement {value=input[onclick='Billing.save()'], using=css selector}]
Capabilities {acceptInsecureCerts: false, browserName: MicrosoftEdge, browserVersion: 147.0.3912.72, fedcm:accounts: true, goog:processID: 115688, ms:edgeOptions: {debuggerAddress: localhost:62863}, msedge: {msedgedriverVersion: 147.0.3912.72 (d4380ba2b9dc..., userDataDir: C:\Users\premjain\AppData\L...}, networkConnectionEnabled: false, pageLoadStrategy: normal, platformName: windows, proxy: Proxy(), se:cdp: ws://localhost:62863/devtoo..., se:cdpVersion: 147.0.3912.72, setWindowRect: true, strictFileInteractability: false, timeouts: {implicit: 0, pageLoad: 300000, script: 30000}, unhandledPromptBehavior: dismiss and notify, webauthn:extension:credBlob: true, webauthn:extension:largeBlob: true, webauthn:extension:minPinLength: true, webauthn:extension:prf: true, webauthn:virtualAuthenticators: true}
Session ID: b07160bb01b5b4839c3a5f249655efb2
at org.openqa.selenium.remote.ErrorCodec.decode(ErrorCodec.java:167)
at org.openqa.selenium.remote.codec.w3c.W3CHttpResponseCodec.decode(W3CHttpResponseCodec.java:142)
at org.openqa.selenium.remote.codec.w3c.W3CHttpResponseCodec.decode(W3CHttpResponseCodec.java:49)
at org.openqa.selenium.remote.HttpCommandExecutor.execute(HttpCommandExecutor.java:215)
at org.openqa.selenium.remote.service.DriverCommandExecutor.invokeExecute(DriverCommandExecutor.java:216)
at org.openqa.selenium.remote.service.DriverCommandExecutor.execute(DriverCommandExecutor.java:174)
at org.openqa.selenium.remote.RemoteWebDriver.execute(RemoteWebDriver.java:561)
at org.openqa.selenium.remote.ElementLocation$ElementFinder$2.findElement(ElementLocation.java:166)
at org.openqa.selenium.remote.ElementLocation.findElement(ElementLocation.java:60)
at org.openqa.selenium.remote.RemoteWebDriver.findElement(RemoteWebDriver.java:384)
at org.openqa.selenium.remote.RemoteWebDriver.findElement(RemoteWebDriver.java:378)
at org.openqa.selenium.support.pagefactory.DefaultElementLocator.findElement(DefaultElementLocator.java:68)
at org.openqa.selenium.support.pagefactory.internal.LocatingElementHandler.invoke(LocatingElementHandler.java:38)
at jdk.proxy2/jdk.proxy2.$Proxy31.isDisplayed(Unknown Source)
at org.openqa.selenium.support.ui.ExpectedConditions.elementIfVisible(ExpectedConditions.java:308)
at org.openqa.selenium.support.ui.ExpectedConditions$10.apply(ExpectedConditions.java:294)
at org.openqa.selenium.support.ui.ExpectedConditions$10.apply(ExpectedConditions.java:291)
at org.openqa.selenium.support.ui.ExpectedConditions$23.apply(ExpectedConditions.java:662)
at org.openqa.selenium.support.ui.ExpectedConditions$23.apply(ExpectedConditions.java:658)
at org.openqa.selenium.support.ui.FluentWait.until(FluentWait.java:203)
... 23 more
... Removed 18 stack frames]]>
    </failure>
  </testcase> <!-- completeOrder -->
</testsuite> <!-- Edge Test -->
