<?xml version="1.0" encoding="UTF-8"?>
<testng-results ignored="12" total="17" passed="4" failed="1" skipped="0">
  <reporter-output>
  </reporter-output>
  <suite started-at="2026-04-27T16:39:28 IST" name="DemoWebSho Suite" finished-at="2026-04-27T16:41:37 IST" duration-ms="129675">
    <groups>
      <group name="negative">
        <method signature="EndToEndTest.loginFailureDemoTest()[pri:3, instance:tests.EndToEndTest@2bec854f]" name="loginFailureDemoTest" class="tests.EndToEndTest"/>
      </group> <!-- negative -->
      <group name="regression">
        <method signature="EndToEndTest.completeOrder(java.lang.String,java.lang.String,boolean)[pri:1, instance:tests.EndToEndTest@7ba8c737]" name="completeOrder" class="tests.EndToEndTest"/>
      </group> <!-- regression -->
      <group name="smoke">
        <method signature="EndToEndTest.openMultipleWindows()[pri:4, instance:tests.EndToEndTest@3e78b6a5]" name="openMultipleWindows" class="tests.EndToEndTest"/>
      </group> <!-- smoke -->
      <group name="sanity">
        <method signature="EndToEndTest.registerAndLoginTest()[pri:2, instance:tests.EndToEndTest@93081b6]" name="registerAndLoginTest" class="tests.EndToEndTest"/>
      </group> <!-- sanity -->
    </groups>
    <test started-at="2026-04-27T16:39:28 IST" name="Smoke Tests" finished-at="2026-04-27T16:39:52 IST" duration-ms="24404">
      <class name="tests.EndToEndTest">
        <test-method is-config="true" signature="setup(java.lang.String)[pri:0, instance:tests.EndToEndTest@3e78b6a5]" started-at="2026-04-27T16:39:28 IST" name="setup" finished-at="2026-04-27T16:39:43 IST" duration-ms="15114" status="PASS">
          <params>
            <param index="0">
              <value>
                <![CDATA[chrome]]>
              </value>
            </param>
          </params>
          <reporter-output>
          </reporter-output>
        </test-method> <!-- setup -->
        <test-method signature="openMultipleWindows()[pri:4, instance:tests.EndToEndTest@3e78b6a5]" started-at="2026-04-27T16:39:43 IST" name="openMultipleWindows" finished-at="2026-04-27T16:39:51 IST" duration-ms="8664" status="PASS">
          <reporter-output>
          </reporter-output>
        </test-method> <!-- openMultipleWindows -->
        <test-method is-config="true" signature="tearDown()[pri:0, instance:tests.EndToEndTest@3e78b6a5]" started-at="2026-04-27T16:39:52 IST" name="tearDown" finished-at="2026-04-27T16:39:52 IST" duration-ms="437" status="PASS">
          <reporter-output>
          </reporter-output>
        </test-method> <!-- tearDown -->
      </class> <!-- tests.EndToEndTest -->
    </test> <!-- Smoke Tests -->
    <test started-at="2026-04-27T16:39:53 IST" name="Sanity Tests" finished-at="2026-04-27T16:40:13 IST" duration-ms="20492">
      <class name="tests.EndToEndTest">
        <test-method is-config="true" signature="setup(java.lang.String)[pri:0, instance:tests.EndToEndTest@93081b6]" started-at="2026-04-27T16:39:53 IST" name="setup" finished-at="2026-04-27T16:40:02 IST" duration-ms="8558" status="PASS">
          <params>
            <param index="0">
              <value>
                <![CDATA[chrome]]>
              </value>
            </param>
          </params>
          <reporter-output>
          </reporter-output>
        </test-method> <!-- setup -->
        <test-method signature="registerAndLoginTest()[pri:2, instance:tests.EndToEndTest@93081b6]" started-at="2026-04-27T16:40:02 IST" name="registerAndLoginTest" finished-at="2026-04-27T16:40:13 IST" duration-ms="11479" status="PASS">
          <reporter-output>
          </reporter-output>
        </test-method> <!-- registerAndLoginTest -->
        <test-method is-config="true" signature="tearDown()[pri:0, instance:tests.EndToEndTest@93081b6]" started-at="2026-04-27T16:40:13 IST" name="tearDown" finished-at="2026-04-27T16:40:13 IST" duration-ms="441" status="PASS">
          <reporter-output>
          </reporter-output>
        </test-method> <!-- tearDown -->
      </class> <!-- tests.EndToEndTest -->
    </test> <!-- Sanity Tests -->
    <test started-at="2026-04-27T16:40:14 IST" name="Regression Tests" finished-at="2026-04-27T16:41:17 IST" duration-ms="63024">
      <class name="tests.EndToEndTest">
        <test-method is-config="true" signature="setup(java.lang.String)[pri:0, instance:tests.EndToEndTest@7ba8c737]" started-at="2026-04-27T16:40:14 IST" name="setup" finished-at="2026-04-27T16:40:26 IST" duration-ms="12087" status="PASS">
          <params>
            <param index="0">
              <value>
                <![CDATA[chrome]]>
              </value>
            </param>
          </params>
          <reporter-output>
          </reporter-output>
        </test-method> <!-- setup -->
        <test-method signature="completeOrder(java.lang.String,java.lang.String,boolean)[pri:1, instance:tests.EndToEndTest@7ba8c737]" started-at="2026-04-27T16:40:26 IST" name="completeOrder" data-provider="loginData" finished-at="2026-04-27T16:41:06 IST" duration-ms="39860" status="PASS">
          <params>
            <param index="0">
              <value>
                <![CDATA[anu_s@gmail.com]]>
              </value>
            </param>
            <param index="1">
              <value>
                <![CDATA[anu@123]]>
              </value>
            </param>
            <param index="2">
              <value>
                <![CDATA[true]]>
              </value>
            </param>
          </params>
          <reporter-output>
          </reporter-output>
        </test-method> <!-- completeOrder -->
        <test-method is-config="true" signature="tearDown()[pri:0, instance:tests.EndToEndTest@7ba8c737]" started-at="2026-04-27T16:41:06 IST" name="tearDown" finished-at="2026-04-27T16:41:06 IST" duration-ms="431" status="PASS">
          <reporter-output>
          </reporter-output>
        </test-method> <!-- tearDown -->
        <test-method is-config="true" signature="setup(java.lang.String)[pri:0, instance:tests.EndToEndTest@7ba8c737]" started-at="2026-04-27T16:41:06 IST" name="setup" finished-at="2026-04-27T16:41:14 IST" duration-ms="7566" status="PASS">
          <params>
            <param index="0">
              <value>
                <![CDATA[chrome]]>
              </value>
            </param>
          </params>
          <reporter-output>
          </reporter-output>
        </test-method> <!-- setup -->
        <test-method signature="completeOrder(java.lang.String,java.lang.String,boolean)[pri:1, instance:tests.EndToEndTest@7ba8c737]" started-at="2026-04-27T16:41:14 IST" name="completeOrder" data-provider="loginData" finished-at="2026-04-27T16:41:16 IST" duration-ms="2581" status="PASS">
          <params>
            <param index="0">
              <value>
                <![CDATA[wronguser@gmail.com]]>
              </value>
            </param>
            <param index="1">
              <value>
                <![CDATA[anu@123]]>
              </value>
            </param>
            <param index="2">
              <value>
                <![CDATA[false]]>
              </value>
            </param>
          </params>
          <reporter-output>
          </reporter-output>
        </test-method> <!-- completeOrder -->
        <test-method is-config="true" signature="tearDown()[pri:0, instance:tests.EndToEndTest@7ba8c737]" started-at="2026-04-27T16:41:16 IST" name="tearDown" finished-at="2026-04-27T16:41:17 IST" duration-ms="453" status="PASS">
          <reporter-output>
          </reporter-output>
        </test-method> <!-- tearDown -->
      </class> <!-- tests.EndToEndTest -->
    </test> <!-- Regression Tests -->
    <test started-at="2026-04-27T16:41:17 IST" name="Negative Tests" finished-at="2026-04-27T16:41:37 IST" duration-ms="20572">
      <class name="tests.EndToEndTest">
        <test-method is-config="true" signature="setup(java.lang.String)[pri:0, instance:tests.EndToEndTest@2bec854f]" started-at="2026-04-27T16:41:17 IST" name="setup" finished-at="2026-04-27T16:41:23 IST" duration-ms="6705" status="PASS">
          <params>
            <param index="0">
              <value>
                <![CDATA[chrome]]>
              </value>
            </param>
          </params>
          <reporter-output>
          </reporter-output>
        </test-method> <!-- setup -->
        <test-method signature="loginFailureDemoTest()[pri:3, instance:tests.EndToEndTest@2bec854f]" started-at="2026-04-27T16:41:23 IST" name="loginFailureDemoTest" finished-at="2026-04-27T16:41:37 IST" duration-ms="13199" status="FAIL">
          <exception class="org.openqa.selenium.TimeoutException">
            <message>
              <![CDATA[Expected condition failed: waiting for visibility of Proxy element for: DefaultElementLocator 'By.linkText: Log out' (tried for 10 second(s) with 500 milliseconds interval)]]>
            </message>
            <full-stacktrace>
              <![CDATA[org.openqa.selenium.TimeoutException: Expected condition failed: waiting for visibility of Proxy element for: DefaultElementLocator 'By.linkText: Log out' (tried for 10 second(s) with 500 milliseconds interval)
at org.openqa.selenium.support.ui.WebDriverWait.timeoutException(WebDriverWait.java:84)
at org.openqa.selenium.support.ui.FluentWait.until(FluentWait.java:228)
at utility.WaitUtil.waitForElement(WaitUtil.java:19)
at pages.HomePage.isUserLoggedIn(HomePage.java:76)
at tests.EndToEndTest.loginFailureDemoTest(EndToEndTest.java:113)
at java.base/jdk.internal.reflect.DirectMethodHandleAccessor.invoke(DirectMethodHandleAccessor.java:103)
at java.base/java.lang.reflect.Method.invoke(Method.java:580)
at org.testng.internal.invokers.MethodInvocationHelper.invokeMethod(MethodInvocationHelper.java:141)
at org.testng.internal.invokers.TestInvoker.invokeMethod(TestInvoker.java:687)
at org.testng.internal.invokers.TestInvoker.invokeTestMethod(TestInvoker.java:230)
at org.testng.internal.invokers.MethodRunner.runInSequence(MethodRunner.java:63)
at org.testng.internal.invokers.TestInvoker$MethodInvocationAgent.invoke(TestInvoker.java:995)
at org.testng.internal.invokers.TestInvoker.invokeTestMethods(TestInvoker.java:203)
at org.testng.internal.invokers.TestMethodWorker.invokeTestMethods(TestMethodWorker.java:154)
at org.testng.internal.invokers.TestMethodWorker.run(TestMethodWorker.java:134)
at java.base/java.util.ArrayList.forEach(ArrayList.java:1596)
at org.testng.TestRunner.privateRun(TestRunner.java:741)
at org.testng.TestRunner.run(TestRunner.java:616)
at org.testng.SuiteRunner.runTest(SuiteRunner.java:421)
at org.testng.SuiteRunner.runSequentially(SuiteRunner.java:413)
at org.testng.SuiteRunner.privateRun(SuiteRunner.java:373)
at org.testng.SuiteRunner.run(SuiteRunner.java:312)
at org.testng.SuiteRunnerWorker.runSuite(SuiteRunnerWorker.java:52)
at org.testng.SuiteRunnerWorker.run(SuiteRunnerWorker.java:95)
at org.testng.TestNG.runSuitesSequentially(TestNG.java:1274)
at org.testng.TestNG.runSuitesLocally(TestNG.java:1208)
at org.testng.TestNG.runSuites(TestNG.java:1112)
at org.testng.TestNG.run(TestNG.java:1079)
at org.testng.remote.AbstractRemoteTestNG.run(AbstractRemoteTestNG.java:115)
at org.testng.remote.RemoteTestNG.initAndRun(RemoteTestNG.java:293)
at org.testng.remote.RemoteTestNG.main(RemoteTestNG.java:91)
Caused by: org.openqa.selenium.NoSuchElementException: no such element: Unable to locate element: {"method":"link text","selector":"Log out"}
  (Session info: chrome=147.0.7727.103)
For documentation on this error, please visit: https://www.selenium.dev/documentation/webdriver/troubleshooting/errors#nosuchelementexception
Build info: version: '4.39.0', revision: '126f156aee'
System info: os.name: 'Windows 11', os.arch: 'amd64', os.version: '10.0', java.version: '21.0.9'
Driver info: org.openqa.selenium.chrome.ChromeDriver
Command: [b26304261b9fb62666648082193b7e0e, findElement {value=Log out, using=link text}]
Capabilities {acceptInsecureCerts: false, browserName: chrome, browserVersion: 147.0.7727.103, chrome: {chromedriverVersion: 147.0.7727.117 (474cc805edd..., userDataDir: C:\Users\premjain\AppData\L...}, fedcm:accounts: true, goog:chromeOptions: {debuggerAddress: localhost:54777}, goog:processID: 18704, networkConnectionEnabled: false, pageLoadStrategy: normal, platformName: windows, proxy: Proxy(), se:cdp: ws://localhost:54777/devtoo..., se:cdpVersion: 147.0.7727.103, setWindowRect: true, strictFileInteractability: false, timeouts: {implicit: 0, pageLoad: 300000, script: 30000}, unhandledPromptBehavior: dismiss and notify, webauthn:extension:credBlob: true, webauthn:extension:largeBlob: true, webauthn:extension:minPinLength: true, webauthn:extension:prf: true, webauthn:virtualAuthenticators: true}
Session ID: b26304261b9fb62666648082193b7e0e
at java.base/jdk.internal.reflect.DirectConstructorHandleAccessor.newInstance(DirectConstructorHandleAccessor.java:62)
at java.base/java.lang.reflect.Constructor.newInstanceWithCaller(Constructor.java:502)
at java.base/java.lang.reflect.Constructor.newInstance(Constructor.java:486)
at org.openqa.selenium.remote.ErrorCodec.decode(ErrorCodec.java:167)
at org.openqa.selenium.remote.codec.w3c.W3CHttpResponseCodec.decode(W3CHttpResponseCodec.java:142)
at org.openqa.selenium.remote.codec.w3c.W3CHttpResponseCodec.decode(W3CHttpResponseCodec.java:49)
at org.openqa.selenium.remote.HttpCommandExecutor.execute(HttpCommandExecutor.java:215)
at org.openqa.selenium.remote.service.DriverCommandExecutor.invokeExecute(DriverCommandExecutor.java:216)
at org.openqa.selenium.remote.service.DriverCommandExecutor.execute(DriverCommandExecutor.java:174)
at org.openqa.selenium.remote.RemoteWebDriver.execute(RemoteWebDriver.java:561)
at org.openqa.selenium.remote.ElementLocation$ElementFinder$2.findElement(ElementLocation.java:166)
at org.openqa.selenium.remote.ElementLocation.findElement(ElementLocation.java:60)
at org.openqa.selenium.remote.RemoteWebDriver.findElement(RemoteWebDriver.java:384)
at org.openqa.selenium.remote.RemoteWebDriver.findElement(RemoteWebDriver.java:378)
at org.openqa.selenium.support.pagefactory.DefaultElementLocator.findElement(DefaultElementLocator.java:68)
at org.openqa.selenium.support.pagefactory.internal.LocatingElementHandler.invoke(LocatingElementHandler.java:38)
at jdk.proxy2/jdk.proxy2.$Proxy30.isDisplayed(Unknown Source)
at org.openqa.selenium.support.ui.ExpectedConditions.elementIfVisible(ExpectedConditions.java:308)
at org.openqa.selenium.support.ui.ExpectedConditions$10.apply(ExpectedConditions.java:294)
at org.openqa.selenium.support.ui.ExpectedConditions$10.apply(ExpectedConditions.java:291)
at org.openqa.selenium.support.ui.FluentWait.until(FluentWait.java:203)
... 29 more
]]>
            </full-stacktrace>
          </exception> <!-- org.openqa.selenium.TimeoutException -->
          <reporter-output>
          </reporter-output>
        </test-method> <!-- loginFailureDemoTest -->
        <test-method is-config="true" signature="tearDown()[pri:0, instance:tests.EndToEndTest@2bec854f]" started-at="2026-04-27T16:41:37 IST" name="tearDown" finished-at="2026-04-27T16:41:37 IST" duration-ms="391" status="PASS">
          <reporter-output>
          </reporter-output>
        </test-method> <!-- tearDown -->
      </class> <!-- tests.EndToEndTest -->
    </test> <!-- Negative Tests -->
  </suite> <!-- DemoWebSho Suite -->
</testng-results>
