<?xml version="1.0" encoding="UTF-8"?>
<!-- Generated by org.testng.reporters.JUnitReportReporter -->
<testsuite hostname="BSC-PW0LBWYP" failures="0" tests="4" name="tests.EndToEndTest" time="73.323" errors="0" timestamp="2026-04-27T15:18:11 IST" skipped="0">
  <testcase classname="tests.EndToEndTest" name="openMultipleWindows" time="10.999"/>
  <testcase classname="tests.EndToEndTest" name="completeOrder" time="34.306"/>
  <testcase classname="tests.EndToEndTest" name="completeOrder" time="12.782"/>
  <testcase classname="tests.EndToEndTest" name="registerAndLoginTest" time="15.236"/>
</testsuite> <!-- tests.EndToEndTest -->
